{'fatalError': False,
 'maxTotalPoints': 40,
 'messages': [],
 'mode': 'auto',
 'parts': [{'description': '',
            'extraCredit': False,
            'maxPoints': 0,
            'maxSeconds': 15,
            'messages': [],
            'name': 'init',
            'points': 0,
            'seconds': 5},
           {'description': '',
            'extraCredit': False,
            'maxPoints': 1,
            'maxSeconds': 2,
            'messages': [],
            'name': '1b-1-basic',
            'points': 1,
            'seconds': 0},
           {'description': '',
            'extraCredit': False,
            'maxPoints': 1,
            'maxSeconds': 2,
            'messages': [],
            'name': '1b-2-basic',
            'points': 1,
            'seconds': 0},
           {'description': '',
            'extraCredit': False,
            'maxPoints': 3,
            'maxSeconds': 3,
            'messages': [],
            'name': '1b-3-hidden',
            'points': 0,
            'seconds': 0},
           {'description': '',
            'extraCredit': False,
            'maxPoints': 5,
            'maxSeconds': 3,
            'messages': [],
            'name': '1b-4-hidden',
            'points': 0,
            'seconds': 0},
           {'description': '',
            'extraCredit': False,
            'maxPoints': 1,
            'maxSeconds': 2,
            'messages': ["Exception thrown: <type 'exceptions.Exception'> -- Not implemented yet",
                         '  File "grader.py", line 162, in t_2b_1\n    submission.insertVowels([], bigramCost, possibleFills)\n',
                         '  File "/Users/gimseongtae/Desktop/2018-1/\xe1\x84\x8b\xe1\x85\xb5\xe1\x86\xab\xe1\x84\x80\xe1\x85\xa9\xe1\x86\xbc\xe1\x84\x8c\xe1\x85\xb5\xe1\x84\x82\xe1\x85\xb3\xe1\x86\xbc/assign3/submission.py", line 81, in insertVowels\n    raise Exception("Not implemented yet")\n'],
            'name': '2b-1-basic',
            'points': 0,
            'seconds': 0},
           {'description': '',
            'extraCredit': False,
            'maxPoints': 3,
            'maxSeconds': 2,
            'messages': ["Exception thrown: <type 'exceptions.Exception'> -- Not implemented yet",
                         '  File "grader.py", line 185, in t_2b_2\n    solution1 = submission.insertVowels([], bigramCost, possibleFills)\n',
                         '  File "/Users/gimseongtae/Desktop/2018-1/\xe1\x84\x8b\xe1\x85\xb5\xe1\x86\xab\xe1\x84\x80\xe1\x85\xa9\xe1\x86\xbc\xe1\x84\x8c\xe1\x85\xb5\xe1\x84\x82\xe1\x85\xb3\xe1\x86\xbc/assign3/submission.py", line 81, in insertVowels\n    raise Exception("Not implemented yet")\n'],
            'name': '2b-2-hidden',
            'points': 0,
            'seconds': 0},
           {'description': '',
            'extraCredit': False,
            'maxPoints': 3,
            'maxSeconds': 3,
            'messages': ["Exception thrown: <type 'exceptions.Exception'> -- Not implemented yet",
                         '  File "grader.py", line 207, in t_2b_3\n    solution1 = submission.insertVowels([\'x\'], bigramCost, lambda x: set([\'cat\', \'dog\']))\n',
                         '  File "/Users/gimseongtae/Desktop/2018-1/\xe1\x84\x8b\xe1\x85\xb5\xe1\x86\xab\xe1\x84\x80\xe1\x85\xa9\xe1\x86\xbc\xe1\x84\x8c\xe1\x85\xb5\xe1\x84\x82\xe1\x85\xb3\xe1\x86\xbc/assign3/submission.py", line 81, in insertVowels\n    raise Exception("Not implemented yet")\n'],
            'name': '2b-3-hidden',
            'points': 0,
            'seconds': 0},
           {'description': '',
            'extraCredit': False,
            'maxPoints': 3,
            'maxSeconds': 3,
            'messages': ["Exception thrown: <type 'exceptions.Exception'> -- Not implemented yet",
                         '  File "grader.py", line 273, in t_2b_4\n    pred = submission.insertVowels(ws, bigramCost, possibleFills)\n',
                         '  File "/Users/gimseongtae/Desktop/2018-1/\xe1\x84\x8b\xe1\x85\xb5\xe1\x86\xab\xe1\x84\x80\xe1\x85\xa9\xe1\x86\xbc\xe1\x84\x8c\xe1\x85\xb5\xe1\x84\x82\xe1\x85\xb3\xe1\x86\xbc/assign3/submission.py", line 81, in insertVowels\n    raise Exception("Not implemented yet")\n'],
            'name': '2b-4-hidden',
            'points': 0,
            'seconds': 0},
           {'description': '',
            'extraCredit': False,
            'maxPoints': 1,
            'maxSeconds': 2,
            'messages': ["Exception thrown: <type 'exceptions.Exception'> -- Not implemented yet",
                         '  File "grader.py", line 298, in t_3b_1\n    grader.requireIsEqual(\'word\', submission.segmentAndInsert(\'wrd\', bigramCost, fills))\n',
                         '  File "/Users/gimseongtae/Desktop/2018-1/\xe1\x84\x8b\xe1\x85\xb5\xe1\x86\xab\xe1\x84\x80\xe1\x85\xa9\xe1\x86\xbc\xe1\x84\x8c\xe1\x85\xb5\xe1\x84\x82\xe1\x85\xb3\xe1\x86\xbc/assign3/submission.py", line 113, in segmentAndInsert\n    raise Exception("Not implemented yet")\n'],
            'name': '3b-1-basic',
            'points': 0,
            'seconds': 0},
           {'description': '',
            'extraCredit': False,
            'maxPoints': 1,
            'maxSeconds': 2,
            'messages': ["Exception thrown: <type 'exceptions.Exception'> -- Not implemented yet",
                         '  File "grader.py", line 319, in t_3b_2\n    submission.segmentAndInsert(\'wrd\', bigramCost, fills))\n',
                         '  File "/Users/gimseongtae/Desktop/2018-1/\xe1\x84\x8b\xe1\x85\xb5\xe1\x86\xab\xe1\x84\x80\xe1\x85\xa9\xe1\x86\xbc\xe1\x84\x8c\xe1\x85\xb5\xe1\x84\x82\xe1\x85\xb3\xe1\x86\xbc/assign3/submission.py", line 113, in segmentAndInsert\n    raise Exception("Not implemented yet")\n'],
            'name': '3b-2-basic',
            'points': 0,
            'seconds': 0},
           {'description': '',
            'extraCredit': False,
            'maxPoints': 6,
            'maxSeconds': 3,
            'messages': ["Exception thrown: <type 'exceptions.Exception'> -- Not implemented yet",
                         '  File "grader.py", line 344, in t_3b_3\n    solution1 = submission.segmentAndInsert(\'wrd\', bigramCost, fills)\n',
                         '  File "/Users/gimseongtae/Desktop/2018-1/\xe1\x84\x8b\xe1\x85\xb5\xe1\x86\xab\xe1\x84\x80\xe1\x85\xa9\xe1\x86\xbc\xe1\x84\x8c\xe1\x85\xb5\xe1\x84\x82\xe1\x85\xb3\xe1\x86\xbc/assign3/submission.py", line 113, in segmentAndInsert\n    raise Exception("Not implemented yet")\n'],
            'name': '3b-3-hidden',
            'points': 0,
            'seconds': 0},
           {'description': '',
            'extraCredit': False,
            'maxPoints': 6,
            'maxSeconds': 3,
            'messages': ["Exception thrown: <type 'exceptions.Exception'> -- Not implemented yet",
                         '  File "grader.py", line 371, in t_3b_4\n    solution1 = submission.segmentAndInsert(\'zzzzz\', bigramCost, possibleFills)\n',
                         '  File "/Users/gimseongtae/Desktop/2018-1/\xe1\x84\x8b\xe1\x85\xb5\xe1\x86\xab\xe1\x84\x80\xe1\x85\xa9\xe1\x86\xbc\xe1\x84\x8c\xe1\x85\xb5\xe1\x84\x82\xe1\x85\xb3\xe1\x86\xbc/assign3/submission.py", line 113, in segmentAndInsert\n    raise Exception("Not implemented yet")\n'],
            'name': '3b-4-hidden',
            'points': 0,
            'seconds': 0},
           {'description': '',
            'extraCredit': False,
            'maxPoints': 6,
            'maxSeconds': 3,
            'messages': ["Exception thrown: <type 'exceptions.Exception'> -- Not implemented yet",
                         '  File "grader.py", line 385, in t_3b_5\n    pred = [submission.segmentAndInsert(part, smoothCost, possibleFills) for part in parts]\n',
                         '  File "/Users/gimseongtae/Desktop/2018-1/\xe1\x84\x8b\xe1\x85\xb5\xe1\x86\xab\xe1\x84\x80\xe1\x85\xa9\xe1\x86\xbc\xe1\x84\x8c\xe1\x85\xb5\xe1\x84\x82\xe1\x85\xb3\xe1\x86\xbc/assign3/submission.py", line 113, in segmentAndInsert\n    raise Exception("Not implemented yet")\n'],
            'name': '3b-5-hidden',
            'points': 0,
            'seconds': 0}],
 'totalPoints': 2}
